<?xml version="1.0" encoding="UTF-8"?>
<!-- Generated by org.testng.reporters.JUnitReportReporter -->
<testsuite hostname="RAJI-REDDY" failures="0" tests="1" name="organizationTests.CreateOrganizationTest" time="21.398" errors="0" timestamp="2023-11-02T17:06:03 IST" skipped="0">
  <testcase classname="organizationTests.CreateOrganizationTest" name="createOrg" time="21.398"/>
</testsuite> <!-- organizationTests.CreateOrganizationTest -->
