<?xml version="1.0" encoding="UTF-8"?>
<!-- Generated by org.testng.reporters.JUnitReportReporter -->
<testsuite hostname="RAJI-REDDY" failures="0" tests="1" name="contactsTests.CreateContactTest" time="21.912" errors="0" timestamp="2023-11-02T17:08:20 IST" skipped="0">
  <testcase classname="contactsTests.CreateContactTest" name="createContact" time="21.912">
    <system-out>
      <![CDATA[Clicked on Contacts Link
clicked create contact look up image
Contact created successfully
Header captured
Header valiadated]]>
    </system-out>
  </testcase> <!-- createContact -->
  <system-out>
    <![CDATA[Clicked on Contacts Link
clicked create contact look up image
Contact created successfully
Header captured
Header valiadated]]>
  </system-out>
</testsuite> <!-- contactsTests.CreateContactTest -->
