<?xml version="1.0" encoding="UTF-8"?>
<!-- Generated by org.testng.reporters.JUnitReportReporter -->
<testsuite hostname="RAJI-REDDY" failures="0" tests="3" name="Practice.TestNGPractice" time="0.018" errors="0" timestamp="2023-10-07T12:42:35 IST" skipped="0">
  <testcase classname="Practice.TestNGPractice" name="bodifyuser" time="0.011"/>
  <testcase classname="Practice.TestNGPractice" name="createuser" time="0.002"/>
  <testcase classname="Practice.TestNGPractice" name="aeleteuser" time="0.005"/>
</testsuite> <!-- Practice.TestNGPractice -->
